<?xml version="1.0" encoding="UTF-8"?>
<!-- Generated by org.testng.reporters.JUnitReportReporter -->
<testsuite hostname="DESKTOP-JE04A8L" failures="0" tests="2" name="testlayer.ShoppingcartTest" time="25.817" errors="1" timestamp="2023-08-31T22:19:37 EDT" skipped="0">
  <testcase classname="testlayer.ShoppingcartTest" name="clickingoncart" time="11.934"/>
  <testcase classname="testlayer.ShoppingcartTest" name="productinfo" time="13.883">
    <error message="Element &lt;a class=&quot;a-link-normal s-underline-text s-underline-link-text s-link-style a-text-normal&quot; href=&quot;/sspa/click?ie=UTF8&amp;spc=MTo3ODk3Njk5NjEzODUwNjA4OjE2OTM1MzQ3MDU6c3BfYXRmOjIwMDE3NTY2OTUwMDE5ODo6MDo6&amp;url=%2FFELONY-CASE-Compatible-Shockproof-Protective%2Fdp%2FB08G38DC9Q%2Fref%3Dsr_1_1_sspa%3Fcrid%3D333DL8IRLNJ5J%26keywords%3Damazon%2Bsign%2BupApple%2BiPhone%2B14%2BPlus%2BSilicone%2BCase%2Bwith%2BMagSafe%2B-%2BChalk%2BPink%26qid%3D1693534705%26sprefix%3Damazon%2Bsign%2Bupapple%2Biphone%2B14%2Bplus%2Bsilicone%2Bcase%2Bwith%2Bmagsafe%2B-%2Bchalk%2Bpink%252Caps%252C192%26sr%3D8-1-spons%26sp_csd%3Dd2lkZ2V0TmFtZT1zcF9hdGY%26psc%3D1&quot;&gt; could not be scrolled into view
Build info: version: &#039;4.9.1&#039;, revision: &#039;eb2032df7f&#039;
System info: os.name: &#039;Windows 11&#039;, os.arch: &#039;amd64&#039;, os.version: &#039;10.0&#039;, java.version: &#039;20.0.1&#039;
Driver info: org.openqa.selenium.firefox.FirefoxDriver
Command: [2fe57030-b7f0-44e5-b685-da6fc966c6e6, clickElement {id=cbaf729e-18cd-4576-bc19-89794dbcc27d}]
Capabilities {acceptInsecureCerts: true, browserName: firefox, browserVersion: 116.0.3, moz:accessibilityChecks: false, moz:buildID: 20230815173142, moz:debuggerAddress: 127.0.0.1:14605, moz:geckodriverVersion: 0.33.0, moz:headless: false, moz:platformVersion: 10.0, moz:processID: 46356, moz:profile: C:\Users\User\AppData\Local..., moz:shutdownTimeout: 60000, moz:webdriverClick: true, moz:windowless: false, pageLoadStrategy: normal, platformName: windows, proxy: Proxy(), se:cdp: ws://127.0.0.1:14605/devtoo..., se:cdpVersion: 85.0, setWindowRect: true, strictFileInteractability: false, timeouts: {implicit: 0, pageLoad: 300000, script: 30000}, unhandledPromptBehavior: dismiss and notify}
Element: [[FirefoxDriver: firefox on windows (2fe57030-b7f0-44e5-b685-da6fc966c6e6)] -&gt; xpath: //a[@class=&#039;a-link-normal s-underline-text s-underline-link-text s-link-style a-text-normal&#039;]]
Session ID: 2fe57030-b7f0-44e5-b685-da6fc966c6e6" type="org.openqa.selenium.ElementNotInteractableException">
      <![CDATA[org.openqa.selenium.ElementNotInteractableException: Element <a class="a-link-normal s-underline-text s-underline-link-text s-link-style a-text-normal" href="/sspa/click?ie=UTF8&spc=MTo3ODk3Njk5NjEzODUwNjA4OjE2OTM1MzQ3MDU6c3BfYXRmOjIwMDE3NTY2OTUwMDE5ODo6MDo6&url=%2FFELONY-CASE-Compatible-Shockproof-Protective%2Fdp%2FB08G38DC9Q%2Fref%3Dsr_1_1_sspa%3Fcrid%3D333DL8IRLNJ5J%26keywords%3Damazon%2Bsign%2BupApple%2BiPhone%2B14%2BPlus%2BSilicone%2BCase%2Bwith%2BMagSafe%2B-%2BChalk%2BPink%26qid%3D1693534705%26sprefix%3Damazon%2Bsign%2Bupapple%2Biphone%2B14%2Bplus%2Bsilicone%2Bcase%2Bwith%2Bmagsafe%2B-%2Bchalk%2Bpink%252Caps%252C192%26sr%3D8-1-spons%26sp_csd%3Dd2lkZ2V0TmFtZT1zcF9hdGY%26psc%3D1"> could not be scrolled into view
Build info: version: '4.9.1', revision: 'eb2032df7f'
System info: os.name: 'Windows 11', os.arch: 'amd64', os.version: '10.0', java.version: '20.0.1'
Driver info: org.openqa.selenium.firefox.FirefoxDriver
Command: [2fe57030-b7f0-44e5-b685-da6fc966c6e6, clickElement {id=cbaf729e-18cd-4576-bc19-89794dbcc27d}]
Capabilities {acceptInsecureCerts: true, browserName: firefox, browserVersion: 116.0.3, moz:accessibilityChecks: false, moz:buildID: 20230815173142, moz:debuggerAddress: 127.0.0.1:14605, moz:geckodriverVersion: 0.33.0, moz:headless: false, moz:platformVersion: 10.0, moz:processID: 46356, moz:profile: C:\Users\User\AppData\Local..., moz:shutdownTimeout: 60000, moz:webdriverClick: true, moz:windowless: false, pageLoadStrategy: normal, platformName: windows, proxy: Proxy(), se:cdp: ws://127.0.0.1:14605/devtoo..., se:cdpVersion: 85.0, setWindowRect: true, strictFileInteractability: false, timeouts: {implicit: 0, pageLoad: 300000, script: 30000}, unhandledPromptBehavior: dismiss and notify}
Element: [[FirefoxDriver: firefox on windows (2fe57030-b7f0-44e5-b685-da6fc966c6e6)] -> xpath: //a[@class='a-link-normal s-underline-text s-underline-link-text s-link-style a-text-normal']]
Session ID: 2fe57030-b7f0-44e5-b685-da6fc966c6e6
at java.base/jdk.internal.reflect.DirectConstructorHandleAccessor.newInstance(DirectConstructorHandleAccessor.java:67)
at java.base/java.lang.reflect.Constructor.newInstanceWithCaller(Constructor.java:500)
at java.base/java.lang.reflect.Constructor.newInstance(Constructor.java:484)
at org.openqa.selenium.remote.codec.w3c.W3CHttpResponseCodec.createException(W3CHttpResponseCodec.java:200)
at org.openqa.selenium.remote.codec.w3c.W3CHttpResponseCodec.decode(W3CHttpResponseCodec.java:133)
at org.openqa.selenium.remote.codec.w3c.W3CHttpResponseCodec.decode(W3CHttpResponseCodec.java:53)
at org.openqa.selenium.remote.HttpCommandExecutor.execute(HttpCommandExecutor.java:193)
at org.openqa.selenium.remote.service.DriverCommandExecutor.invokeExecute(DriverCommandExecutor.java:183)
at org.openqa.selenium.remote.service.DriverCommandExecutor.execute(DriverCommandExecutor.java:158)
at org.openqa.selenium.remote.RemoteWebDriver.execute(RemoteWebDriver.java:543)
at org.openqa.selenium.remote.RemoteWebElement.execute(RemoteWebElement.java:257)
at org.openqa.selenium.remote.RemoteWebElement.click(RemoteWebElement.java:78)
at java.base/jdk.internal.reflect.DirectMethodHandleAccessor.invoke(DirectMethodHandleAccessor.java:104)
at java.base/java.lang.reflect.Method.invoke(Method.java:578)
at org.openqa.selenium.support.pagefactory.internal.LocatingElementHandler.invoke(LocatingElementHandler.java:52)
at jdk.proxy2/jdk.proxy2.$Proxy16.click(Unknown Source)
at pompackage.Shoppingcart.clickingondescription(Shoppingcart.java:41)
at testlayer.ShoppingcartTest.productinfo(ShoppingcartTest.java:44)
at java.base/jdk.internal.reflect.DirectMethodHandleAccessor.invoke(DirectMethodHandleAccessor.java:104)
at java.base/java.lang.reflect.Method.invoke(Method.java:578)
at org.testng.internal.invokers.MethodInvocationHelper.invokeMethod(MethodInvocationHelper.java:139)
at org.testng.internal.invokers.TestInvoker.invokeMethod(TestInvoker.java:664)
at org.testng.internal.invokers.TestInvoker.invokeTestMethod(TestInvoker.java:227)
at org.testng.internal.invokers.MethodRunner.runInSequence(MethodRunner.java:50)
at org.testng.internal.invokers.TestInvoker$MethodInvocationAgent.invoke(TestInvoker.java:957)
at org.testng.internal.invokers.TestInvoker.invokeTestMethods(TestInvoker.java:200)
at org.testng.internal.invokers.TestMethodWorker.invokeTestMethods(TestMethodWorker.java:148)
at org.testng.internal.invokers.TestMethodWorker.run(TestMethodWorker.java:128)
at java.base/java.util.ArrayList.forEach(ArrayList.java:1511)
at org.testng.TestRunner.privateRun(TestRunner.java:848)
at org.testng.TestRunner.run(TestRunner.java:621)
at org.testng.SuiteRunner.runTest(SuiteRunner.java:443)
at org.testng.SuiteRunner$SuiteWorker.run(SuiteRunner.java:481)
at org.testng.internal.thread.ThreadUtil.lambda$execute$0(ThreadUtil.java:58)
at java.base/java.util.concurrent.FutureTask.run(FutureTask.java:317)
at java.base/java.util.concurrent.ThreadPoolExecutor.runWorker(ThreadPoolExecutor.java:1144)
at java.base/java.util.concurrent.ThreadPoolExecutor$Worker.run(ThreadPoolExecutor.java:642)
at java.base/java.lang.Thread.run(Thread.java:1623)
]]>
    </error>
  </testcase> <!-- productinfo -->
</testsuite> <!-- testlayer.ShoppingcartTest -->
